  [1m[35m (0.1ms)[0m  [1m[34mSELECT sqlite_version(*)[0m
  ↳ bin/rails:9
  [1m[35m (2.4ms)[0m  [1m[35mCREATE TABLE "schema_migrations" ("version" varchar NOT NULL PRIMARY KEY)[0m
  ↳ bin/rails:9
  [1m[35m (1.8ms)[0m  [1m[35mCREATE TABLE "ar_internal_metadata" ("key" varchar NOT NULL PRIMARY KEY, "value" varchar, "created_at" datetime NOT NULL, "updated_at" datetime NOT NULL)[0m
  ↳ bin/rails:9
  [1m[35m (0.2ms)[0m  [1m[34mSELECT "schema_migrations"."version" FROM "schema_migrations" ORDER BY "schema_migrations"."version" ASC[0m
  ↳ bin/rails:9
Migrating to CreateCourses (20190130165529)
  [1m[35m (0.1ms)[0m  [1m[36mbegin transaction[0m
  ↳ bin/rails:9
  [1m[35m (0.5ms)[0m  [1m[35mCREATE TABLE "courses" ("id" integer PRIMARY KEY AUTOINCREMENT NOT NULL, "title" text, "description" text, "created_at" datetime NOT NULL, "updated_at" datetime NOT NULL)[0m
  ↳ db/migrate/20190130165529_create_courses.rb:3
  [1m[36mActiveRecord::SchemaMigration Create (0.3ms)[0m  [1m[32mINSERT INTO "schema_migrations" ("version") VALUES (?)[0m  [["version", "20190130165529"]]
  ↳ bin/rails:9
  [1m[35m (2.2ms)[0m  [1m[36mcommit transaction[0m
  ↳ bin/rails:9
  [1m[36mActiveRecord::InternalMetadata Load (0.2ms)[0m  [1m[34mSELECT  "ar_internal_metadata".* FROM "ar_internal_metadata" WHERE "ar_internal_metadata"."key" = ? LIMIT ?[0m  [["key", "environment"], ["LIMIT", 1]]
  ↳ bin/rails:9
  [1m[35m (0.1ms)[0m  [1m[36mbegin transaction[0m
  ↳ bin/rails:9
  [1m[36mActiveRecord::InternalMetadata Create (1.6ms)[0m  [1m[32mINSERT INTO "ar_internal_metadata" ("key", "value", "created_at", "updated_at") VALUES (?, ?, ?, ?)[0m  [["key", "environment"], ["value", "development"], ["created_at", "2019-01-30 16:59:16.020392"], ["updated_at", "2019-01-30 16:59:16.020392"]]
  ↳ bin/rails:9
  [1m[35m (1.6ms)[0m  [1m[36mcommit transaction[0m
  ↳ bin/rails:9
  [1m[35m (0.1ms)[0m  [1m[34mSELECT "schema_migrations"."version" FROM "schema_migrations" ORDER BY "schema_migrations"."version" ASC[0m
  ↳ bin/rails:9
  [1m[35m (0.1ms)[0m  [1m[34mSELECT "schema_migrations"."version" FROM "schema_migrations" ORDER BY "schema_migrations"."version" ASC[0m
  ↳ bin/rails:9
Migrating to CreateLessons (20190130165938)
  [1m[35m (0.1ms)[0m  [1m[36mbegin transaction[0m
  ↳ bin/rails:9
  [1m[35m (0.1ms)[0m  [1m[34mSELECT sqlite_version(*)[0m
  ↳ db/migrate/20190130165938_create_lessons.rb:3
  [1m[35m (0.5ms)[0m  [1m[35mCREATE TABLE "lessons" ("id" integer PRIMARY KEY AUTOINCREMENT NOT NULL, "course_id" integer, "title" text, "body" text, "created_at" datetime NOT NULL, "updated_at" datetime NOT NULL)[0m
  ↳ db/migrate/20190130165938_create_lessons.rb:3
  [1m[35m (0.1ms)[0m  [1m[35mCREATE  INDEX "index_lessons_on_course_id" ON "lessons" ("course_id")[0m
  ↳ db/migrate/20190130165938_create_lessons.rb:3
  [1m[36mActiveRecord::SchemaMigration Create (0.2ms)[0m  [1m[32mINSERT INTO "schema_migrations" ("version") VALUES (?)[0m  [["version", "20190130165938"]]
  ↳ bin/rails:9
  [1m[35m (1.7ms)[0m  [1m[36mcommit transaction[0m
  ↳ bin/rails:9
  [1m[36mActiveRecord::InternalMetadata Load (0.1ms)[0m  [1m[34mSELECT  "ar_internal_metadata".* FROM "ar_internal_metadata" WHERE "ar_internal_metadata"."key" = ? LIMIT ?[0m  [["key", "environment"], ["LIMIT", 1]]
  ↳ bin/rails:9
  [1m[35m (0.1ms)[0m  [1m[36mbegin transaction[0m
  ↳ bin/rails:9
  [1m[35m (0.0ms)[0m  [1m[36mcommit transaction[0m
  ↳ bin/rails:9
  [1m[35m (0.1ms)[0m  [1m[34mSELECT "schema_migrations"."version" FROM "schema_migrations" ORDER BY "schema_migrations"."version" ASC[0m
  ↳ bin/rails:9
  [1m[35m (1.5ms)[0m  [1m[34mSELECT "schema_migrations"."version" FROM "schema_migrations" ORDER BY "schema_migrations"."version" ASC[0m
  ↳ bin/rails:9
  [1m[36mCourse Load (1.8ms)[0m  [1m[34mSELECT  "courses".* FROM "courses" LIMIT ?[0m  [["LIMIT", 11]]
  [1m[35m (0.1ms)[0m  [1m[34mSELECT "schema_migrations"."version" FROM "schema_migrations" ORDER BY "schema_migrations"."version" ASC[0m
  ↳ bin/rails:9
  [1m[36mCourse Load (2.1ms)[0m  [1m[34mSELECT "courses".* FROM "courses"[0m
  [1m[36mLesson Load (0.2ms)[0m  [1m[34mSELECT "lessons".* FROM "lessons"[0m
  [1m[35m (0.1ms)[0m  [1m[36mbegin transaction[0m
  ↳ bin/rails:9
  [1m[35m (0.1ms)[0m  [1m[35mSAVEPOINT active_record_1[0m
  [1m[36mCourse Create (1.9ms)[0m  [1m[32mINSERT INTO "courses" ("title", "description", "created_at", "updated_at") VALUES (?, ?, ?, ?)[0m  [["title", "Math"], ["description", "Les math c'est pour les gros FDP"], ["created_at", "2019-01-30 17:35:53.250138"], ["updated_at", "2019-01-30 17:35:53.250138"]]
  [1m[35m (0.1ms)[0m  [1m[35mRELEASE SAVEPOINT active_record_1[0m
  [1m[35m (0.1ms)[0m  [1m[35mSAVEPOINT active_record_1[0m
  [1m[35m (0.1ms)[0m  [1m[31mROLLBACK TO SAVEPOINT active_record_1[0m
  [1m[36mCourse Load (0.1ms)[0m  [1m[34mSELECT "courses".* FROM "courses"[0m
  [1m[36mCourse Load (0.1ms)[0m  [1m[34mSELECT "courses".* FROM "courses"[0m
  [1m[36mLesson Load (1.4ms)[0m  [1m[34mSELECT "lessons".* FROM "lessons"[0m
  [1m[36mCourse Load (0.1ms)[0m  [1m[34mSELECT "courses".* FROM "courses"[0m
  [1m[36mLesson Load (0.1ms)[0m  [1m[34mSELECT  "lessons".* FROM "lessons" WHERE "lessons"."id" = ? LIMIT ?[0m  [["id", 1], ["LIMIT", 1]]
  [1m[36mLesson Load (0.1ms)[0m  [1m[34mSELECT  "lessons".* FROM "lessons" WHERE "lessons"."id" = ? LIMIT ?[0m  [["id", 1], ["LIMIT", 1]]
  [1m[36mLesson Load (0.1ms)[0m  [1m[34mSELECT "lessons".* FROM "lessons"[0m
  [1m[35m (0.1ms)[0m  [1m[35mSAVEPOINT active_record_1[0m
  [1m[35m (0.1ms)[0m  [1m[31mROLLBACK TO SAVEPOINT active_record_1[0m
  [1m[35m (0.1ms)[0m  [1m[35mSAVEPOINT active_record_1[0m
  [1m[36mCourse Load (0.1ms)[0m  [1m[34mSELECT  "courses".* FROM "courses" WHERE "courses"."id" = ? LIMIT ?[0m  [["id", 1], ["LIMIT", 1]]
  [1m[36mLesson Create (1.8ms)[0m  [1m[32mINSERT INTO "lessons" ("course_id", "title", "body", "created_at", "updated_at") VALUES (?, ?, ?, ?, ?)[0m  [["course_id", 1], ["title", "Les algo pour les FDP"], ["body", "Poure reussir a faire de beau algo fait du sale H24"], ["created_at", "2019-01-30 17:57:55.948882"], ["updated_at", "2019-01-30 17:57:55.948882"]]
  [1m[35m (0.1ms)[0m  [1m[35mRELEASE SAVEPOINT active_record_1[0m
  [1m[36mLesson Load (0.1ms)[0m  [1m[34mSELECT "lessons".* FROM "lessons"[0m
  [1m[35m (1.4ms)[0m  [1m[31mrollback transaction[0m
  [1m[35m (0.4ms)[0m  [1m[34mSELECT "schema_migrations"."version" FROM "schema_migrations" ORDER BY "schema_migrations"."version" ASC[0m
  ↳ bin/rails:9
  [1m[35m (0.2ms)[0m  [1m[34mSELECT "schema_migrations"."version" FROM "schema_migrations" ORDER BY "schema_migrations"."version" ASC[0m
  ↳ bin/rails:9
  [1m[35m (0.1ms)[0m  [1m[36mbegin transaction[0m
  ↳ db/seeds.rb:9
  [1m[36mCourse Create (1.7ms)[0m  [1m[32mINSERT INTO "courses" ("title", "description", "created_at", "updated_at") VALUES (?, ?, ?, ?)[0m  [["title", "sex"], ["description", "all about practice"], ["created_at", "2019-01-30 21:21:20.142142"], ["updated_at", "2019-01-30 21:21:20.142142"]]
  ↳ db/seeds.rb:9
  [1m[35m (1.2ms)[0m  [1m[36mcommit transaction[0m
  ↳ db/seeds.rb:9
  [1m[35m (0.1ms)[0m  [1m[36mbegin transaction[0m
  ↳ db/seeds.rb:10
  [1m[36mCourse Create (0.4ms)[0m  [1m[32mINSERT INTO "courses" ("title", "description", "created_at", "updated_at") VALUES (?, ?, ?, ?)[0m  [["title", "bicycle"], ["description", "all about pédale"], ["created_at", "2019-01-30 21:21:20.147675"], ["updated_at", "2019-01-30 21:21:20.147675"]]
  ↳ db/seeds.rb:10
  [1m[35m (1.1ms)[0m  [1m[36mcommit transaction[0m
  ↳ db/seeds.rb:10
  [1m[36mCourse Load (0.6ms)[0m  [1m[34mSELECT "courses".* FROM "courses"[0m
  [1m[36mLesson Load (0.2ms)[0m  [1m[34mSELECT "lessons".* FROM "lessons"[0m
  [1m[35m (0.1ms)[0m  [1m[34mSELECT "schema_migrations"."version" FROM "schema_migrations" ORDER BY "schema_migrations"."version" ASC[0m
  ↳ bin/rails:9
  [1m[35m (0.1ms)[0m  [1m[36mbegin transaction[0m
  ↳ db/seeds.rb:9
  [1m[36mCourse Create (1.0ms)[0m  [1m[32mINSERT INTO "courses" ("title", "description", "created_at", "updated_at") VALUES (?, ?, ?, ?)[0m  [["title", "sex"], ["description", "all about practice"], ["created_at", "2019-01-30 21:23:10.717204"], ["updated_at", "2019-01-30 21:23:10.717204"]]
  ↳ db/seeds.rb:9
  [1m[35m (1.2ms)[0m  [1m[36mcommit transaction[0m
  ↳ db/seeds.rb:9
  [1m[35m (0.0ms)[0m  [1m[36mbegin transaction[0m
  ↳ db/seeds.rb:10
  [1m[36mCourse Create (0.4ms)[0m  [1m[32mINSERT INTO "courses" ("title", "description", "created_at", "updated_at") VALUES (?, ?, ?, ?)[0m  [["title", "bicycle"], ["description", "all about pédale"], ["created_at", "2019-01-30 21:23:10.723073"], ["updated_at", "2019-01-30 21:23:10.723073"]]
  ↳ db/seeds.rb:10
  [1m[35m (1.0ms)[0m  [1m[36mcommit transaction[0m
  ↳ db/seeds.rb:10
  [1m[35m (0.1ms)[0m  [1m[36mbegin transaction[0m
  ↳ db/seeds.rb:13
  [1m[36mCourse Load (0.2ms)[0m  [1m[34mSELECT  "courses".* FROM "courses" WHERE "courses"."id" = ? LIMIT ?[0m  [["id", 1], ["LIMIT", 1]]
  ↳ db/seeds.rb:13
  [1m[36mLesson Create (0.4ms)[0m  [1m[32mINSERT INTO "lessons" ("course_id", "title", "body", "created_at", "updated_at") VALUES (?, ?, ?, ?, ?)[0m  [["course_id", 1], ["title", "how to eat pussy"], ["body", "you got hand, mouse, ears, and sometimes eyes, use them, combine them !"], ["created_at", "2019-01-30 21:23:10.756402"], ["updated_at", "2019-01-30 21:23:10.756402"]]
  ↳ db/seeds.rb:13
  [1m[35m (1.1ms)[0m  [1m[36mcommit transaction[0m
  ↳ db/seeds.rb:13
  [1m[35m (0.1ms)[0m  [1m[36mbegin transaction[0m
  ↳ db/seeds.rb:14
  [1m[36mCourse Load (0.1ms)[0m  [1m[34mSELECT  "courses".* FROM "courses" WHERE "courses"."id" = ? LIMIT ?[0m  [["id", 1], ["LIMIT", 1]]
  ↳ db/seeds.rb:14
  [1m[36mLesson Create (0.4ms)[0m  [1m[32mINSERT INTO "lessons" ("course_id", "title", "body", "created_at", "updated_at") VALUES (?, ?, ?, ?, ?)[0m  [["course_id", 1], ["title", "why we says loosing virginity"], ["body", "everybody exactly know where it had gone !"], ["created_at", "2019-01-30 21:23:10.760962"], ["updated_at", "2019-01-30 21:23:10.760962"]]
  ↳ db/seeds.rb:14
  [1m[35m (3.2ms)[0m  [1m[36mcommit transaction[0m
  ↳ db/seeds.rb:14
  [1m[35m (0.1ms)[0m  [1m[36mbegin transaction[0m
  ↳ db/seeds.rb:16
  [1m[36mCourse Load (0.3ms)[0m  [1m[34mSELECT  "courses".* FROM "courses" WHERE "courses"."id" = ? LIMIT ?[0m  [["id", 2], ["LIMIT", 1]]
  ↳ db/seeds.rb:16
  [1m[36mLesson Create (0.6ms)[0m  [1m[32mINSERT INTO "lessons" ("course_id", "title", "body", "created_at", "updated_at") VALUES (?, ?, ?, ?, ?)[0m  [["course_id", 2], ["title", "how to choose your bycicle"], ["body", "all about money"], ["created_at", "2019-01-30 21:23:10.768349"], ["updated_at", "2019-01-30 21:23:10.768349"]]
  ↳ db/seeds.rb:16
  [1m[35m (1.1ms)[0m  [1m[36mcommit transaction[0m
  ↳ db/seeds.rb:16
  [1m[35m (0.1ms)[0m  [1m[36mbegin transaction[0m
  ↳ db/seeds.rb:17
  [1m[36mCourse Load (0.2ms)[0m  [1m[34mSELECT  "courses".* FROM "courses" WHERE "courses"."id" = ? LIMIT ?[0m  [["id", 2], ["LIMIT", 1]]
  ↳ db/seeds.rb:17
  [1m[36mLesson Create (0.5ms)[0m  [1m[32mINSERT INTO "lessons" ("course_id", "title", "body", "created_at", "updated_at") VALUES (?, ?, ?, ?, ?)[0m  [["course_id", 2], ["title", "gear does matter?"], ["body", "all about pleasure"], ["created_at", "2019-01-30 21:23:10.774117"], ["updated_at", "2019-01-30 21:23:10.774117"]]
  ↳ db/seeds.rb:17
  [1m[35m (0.9ms)[0m  [1m[36mcommit transaction[0m
  ↳ db/seeds.rb:17
  [1m[36mLesson Load (0.6ms)[0m  [1m[34mSELECT "lessons".* FROM "lessons"[0m
